<?xml version="1.0" encoding="UTF-8"?>
<!-- Generated by org.testng.reporters.JUnitReportReporter -->
<testsuite hostname="DESKTOP-Q7FV8SQ" failures="0" tests="1" name="WesternUnionAssignment.Assignment.FlipkartLinks" time="6.534" errors="0" timestamp="2024-04-07T17:22:36 IST" skipped="0">
  <testcase classname="WesternUnionAssignment.Assignment.FlipkartLinks" name="getLinks_usingForEachLoop" time="6.534"/>
</testsuite> <!-- WesternUnionAssignment.Assignment.FlipkartLinks -->
